<?xml version="1.0" encoding="UTF-8"?>
<!-- Generated by org.testng.reporters.JUnitReportReporter -->
<testsuite hostname="LAPTOP-BIP7EH0F" failures="0" tests="8" name="TestCases.LoginCases" time="4.317" errors="0" timestamp="2022-09-25T03:56:23 PKT" skipped="0">
  <testcase classname="TestCases.LoginCases" name="loginCases_05_LoginWith_EmailInvalidCreds_check" time="0.440"/>
  <system-out/>
  <testcase classname="TestCases.LoginCases" name="loginCases_01_Email_field_check" time="0.039"/>
  <system-out/>
  <testcase classname="TestCases.LoginCases" name="loginCases_03_SignIn_Button_check" time="0.023"/>
  <system-out/>
  <testcase classname="TestCases.LoginCases" name="loginCases_07_LoginWith_BothEmptyCreds_check" time="0.371"/>
  <system-out/>
  <testcase classname="TestCases.LoginCases" name="loginCases_02_Password_field_check" time="0.023"/>
  <system-out/>
  <testcase classname="TestCases.LoginCases" name="loginCases_06_LoginWith_PasswordInvalidCreds_check" time="0.464"/>
  <system-out/>
  <testcase classname="TestCases.LoginCases" name="loginCases_08_LoginWith_BothValidCreds_check" time="2.489"/>
  <system-out/>
  <testcase classname="TestCases.LoginCases" name="loginCases_04_LoginWith_BothFieldsInvalidCreds_check" time="0.468"/>
  <system-out/>
</testsuite> <!-- TestCases.LoginCases -->
